[debug] [2022-04-18T16:39:40.776Z] ----------------------------------------------------------------------
[debug] [2022-04-18T16:39:40.778Z] Command:       C:\Program Files\nodejs\node.exe C:\Users\user\AppData\Roaming\npm\node_modules\firebase-tools\lib\bin\firebase.js deploy
[debug] [2022-04-18T16:39:40.779Z] CLI Version:   10.6.0
[debug] [2022-04-18T16:39:40.779Z] Platform:      win32
[debug] [2022-04-18T16:39:40.779Z] Node Version:  v14.17.3
[debug] [2022-04-18T16:39:40.780Z] Time:          Mon Apr 18 2022 22:39:40 GMT+0600 (Bangladesh Standard Time)
[debug] [2022-04-18T16:39:40.780Z] ----------------------------------------------------------------------
[debug] 
[debug] [2022-04-18T16:39:40.784Z] >>> [apiv2][query] GET https://firebase-public.firebaseio.com/cli.json [none]
[debug] [2022-04-18T16:39:40.895Z] > command requires scopes: ["email","openid","https://www.googleapis.com/auth/cloudplatformprojects.readonly","https://www.googleapis.com/auth/firebase","https://www.googleapis.com/auth/cloud-platform"]
[debug] [2022-04-18T16:39:40.895Z] > authorizing via signed-in user (yousufweb99@gmail.com)
[debug] [2022-04-18T16:39:40.895Z] [iam] checking project bd-tour-c7c18 for permissions ["firebase.projects.get","firebasehosting.sites.update"]
[debug] [2022-04-18T16:39:40.897Z] > refreshing access token with scopes: []
[debug] [2022-04-18T16:39:40.898Z] >>> HTTP REQUEST POST https://www.googleapis.com/oauth2/v3/token  
 <request body omitted>
[debug] [2022-04-18T16:39:42.575Z] <<< HTTP RESPONSE 200 {"cache-control":"no-cache, no-store, max-age=0, must-revalidate","pragma":"no-cache","expires":"Mon, 01 Jan 1990 00:00:00 GMT","date":"Mon, 18 Apr 2022 16:39:42 GMT","content-type":"application/json; charset=utf-8","vary":"X-Origin, Referer, Origin,Accept-Encoding","server":"scaffolding on HTTPServer2","x-xss-protection":"0","x-frame-options":"SAMEORIGIN","x-content-type-options":"nosniff","alt-svc":"h3=\":443\"; ma=2592000,h3-29=\":443\"; ma=2592000,h3-Q050=\":443\"; ma=2592000,h3-Q046=\":443\"; ma=2592000,h3-Q043=\":443\"; ma=2592000,quic=\":443\"; ma=2592000; v=\"46,43\"","accept-ranges":"none","transfer-encoding":"chunked"}
[debug] [2022-04-18T16:39:42.613Z] >>> [apiv2][query] POST https://cloudresourcemanager.googleapis.com/v1/projects/bd-tour-c7c18:testIamPermissions [none]
[debug] [2022-04-18T16:39:42.613Z] >>> [apiv2][body] POST https://cloudresourcemanager.googleapis.com/v1/projects/bd-tour-c7c18:testIamPermissions {"permissions":["firebase.projects.get","firebasehosting.sites.update"]}
[debug] [2022-04-18T16:39:43.157Z] <<< [apiv2][status] GET https://firebase-public.firebaseio.com/cli.json 200
[debug] [2022-04-18T16:39:43.157Z] <<< [apiv2][body] GET https://firebase-public.firebaseio.com/cli.json {"cloudBuildErrorAfter":1594252800000,"cloudBuildWarnAfter":1590019200000,"defaultNode10After":1594252800000,"minVersion":"3.0.5","node8DeploysDisabledAfter":1613390400000,"node8RuntimeDisabledAfter":1615809600000,"node8WarnAfter":1600128000000}
[debug] [2022-04-18T16:39:44.623Z] <<< [apiv2][status] POST https://cloudresourcemanager.googleapis.com/v1/projects/bd-tour-c7c18:testIamPermissions 200
[debug] [2022-04-18T16:39:44.624Z] <<< [apiv2][body] POST https://cloudresourcemanager.googleapis.com/v1/projects/bd-tour-c7c18:testIamPermissions {"permissions":["firebase.projects.get","firebasehosting.sites.update"]}
[debug] [2022-04-18T16:39:44.629Z] >>> [apiv2][query] GET https://firebase.googleapis.com/v1beta1/projects/bd-tour-c7c18 [none]
[debug] [2022-04-18T16:39:46.286Z] <<< [apiv2][status] GET https://firebase.googleapis.com/v1beta1/projects/bd-tour-c7c18 200
[debug] [2022-04-18T16:39:46.287Z] <<< [apiv2][body] GET https://firebase.googleapis.com/v1beta1/projects/bd-tour-c7c18 {"projectId":"bd-tour-c7c18","projectNumber":"850307454501","displayName":"bd-tour","name":"projects/bd-tour-c7c18","resources":{"hostingSite":"bd-tour-c7c18"},"state":"ACTIVE"}
[info] 
[info] === Deploying to 'bd-tour-c7c18'...
[info] 
[info] i  deploying hosting 
[debug] [2022-04-18T16:39:46.297Z] >>> [apiv2][query] GET https://firebase.googleapis.com/v1beta1/projects/bd-tour-c7c18 [none]
[debug] [2022-04-18T16:39:48.131Z] <<< [apiv2][status] GET https://firebase.googleapis.com/v1beta1/projects/bd-tour-c7c18 200
[debug] [2022-04-18T16:39:48.131Z] <<< [apiv2][body] GET https://firebase.googleapis.com/v1beta1/projects/bd-tour-c7c18 {"projectId":"bd-tour-c7c18","projectNumber":"850307454501","displayName":"bd-tour","name":"projects/bd-tour-c7c18","resources":{"hostingSite":"bd-tour-c7c18"},"state":"ACTIVE"}
[debug] [2022-04-18T16:39:48.140Z] >>> [apiv2][query] POST https://firebasehosting.googleapis.com/v1beta1/projects/850307454501/sites/bd-tour-c7c18/versions [none]
[debug] [2022-04-18T16:39:48.141Z] >>> [apiv2][body] POST https://firebasehosting.googleapis.com/v1beta1/projects/850307454501/sites/bd-tour-c7c18/versions {"config":{"rewrites":[{"glob":"**","path":"/index.html"}]},"labels":{"deployment-tool":"cli-firebase"}}
[debug] [2022-04-18T16:39:50.496Z] <<< [apiv2][status] POST https://firebasehosting.googleapis.com/v1beta1/projects/850307454501/sites/bd-tour-c7c18/versions 200
[debug] [2022-04-18T16:39:50.496Z] <<< [apiv2][body] POST https://firebasehosting.googleapis.com/v1beta1/projects/850307454501/sites/bd-tour-c7c18/versions {"name":"projects/850307454501/sites/bd-tour-c7c18/versions/ba97d07254940907","status":"CREATED","config":{"rewrites":[{"glob":"**","path":"/index.html"}]},"labels":{"deployment-tool":"cli-firebase"}}
[info] i  hosting[bd-tour-c7c18]: beginning deploy... 
[info] i  hosting[bd-tour-c7c18]: found 37 files in build 
[debug] [2022-04-18T16:39:50.558Z] [hosting] uploading with 200 concurrency
[debug] [2022-04-18T16:39:51.071Z] [hosting] hash cache [YnVpbGQ] stored for 37 files
[debug] [2022-04-18T16:39:51.071Z] [hosting][hash queue][FINAL] {"max":496,"min":16,"avg":50.32432432432432,"active":0,"complete":37,"success":37,"errored":0,"retried":0,"total":37,"elapsed":509}
[debug] [2022-04-18T16:39:51.072Z] >>> [apiv2][query] POST https://firebasehosting.googleapis.com/v1beta1/projects/850307454501/sites/bd-tour-c7c18/versions/ba97d07254940907:populateFiles [none]
[debug] [2022-04-18T16:39:51.072Z] >>> [apiv2][body] POST https://firebasehosting.googleapis.com/v1beta1/projects/850307454501/sites/bd-tour-c7c18/versions/ba97d07254940907:populateFiles {"files":{"/favicon.ico":"eae62e993eb980ec8a25058c39d5a51feab118bd2100c4deebb2a9c158ec11f9","/logo192.png":"3ee59515172ee198f3be375979df15ac5345183e656720a381b8872b2a39dc8b","/logo512.png":"ee7e2f3fdb8209c4b6fd7bef6ba50d1b9dba30a25bb5c3126df057e1cb6f5331","/manifest.json":"aff3449bdc238776f5d6d967f19ec491b36aed5fb7f23ccff6500736fd58494a","/robots.txt":"bfe106a3fb878dc83461c86818bf74fc1bdc7f28538ba613cd3e775516ce8b49","/images/404-error-page-not-found.jpg":"3317d90579e22469221f8ed0265a8a732ec41cc4ab4b65375f7b08dd7144c682","/images/google.png":"40c72d37b7d1249bc4cf58d5480fa4732d2176f2e529dd58c0c4fa9fed76f2fd","/images/bannar/bannar1.jpg":"5311016d492d8b4fca1e5d1303c1e87d6b5ac76741eb538a3cc7cf5112bdb8b4","/images/bannar/bannar2.jpg":"68b19e3c9c8950d973ce97b26a74feb6463c5e5e956eb18eb001ecf1fa81a041","/images/bannar/bannar3.jpg":"cdf9035a3fc251e2d9e17ffe6c34b50c343cff2d0cd37b5cae27dd77be230644","/images/bannar/bannar4.jpg":"a07ba9168c8b02ac615466fe285789372f1de290216d7b04417c2e77628137fb","/images/logo/logo-free-vector.png":"d6025503b543eb12de5a1490ec796fac092888216380929bb1f48769ce144672","/images/logo/logo.png":"3a065df229ca6e094295a4d9acff6f53f516aecaa4b4462e0e2502d00fcb7b15","/images/logo/logo1.webp":"e3f9020d8a8fe4bcdf280cb57b75d8dc5a464cf7e7ae89ad8366e5624436fdbe","/images/logo/logobd.png":"bcf7bf45ce4f035f87f0e47a9b9ab84c5e965a18da55aa667f4994be33490be0","/images/services/services1.png":"daaa57fa56beefc68dba1f13917553959d16043f2a57a2499a6e4b8d06b6c45b","/images/services/services2.png":"248abe9ade9a2d10d899e4fb5159ad0e6e32a5150e7bf02153b03edaf5595b19","/images/services/services3.png":"18effd9e7529808b2794465391bc9fd48e833ea81820572bf705e150298acf0d","/asset-manifest.json":"525794d575dd039d74bd1ba6860ffdbadf443bdba888930f13e330d17dd638bf","/index.html":"a3d7cb7b8e3d8c30d18d890aaa685a4956e8db7e70a21ee94e0d31c6c7be3270","/services.json":"4136907d56f3915f1badcb5d7c42dfa5aa8fbe98edbc4e2f3982b1587fc5719f","/static/js/787.45b1b3c4.chunk.js":"e4df0e691056144e149e478466505da4fc0b80567f10142d4e20c9b4a2261f20","/static/js/787.45b1b3c4.chunk.js.map":"0e244e5d57299995077f798b3a901e4522762c57c0e8c080ce071e46e16a0094","/static/js/main.bbb02e64.js.LICENSE.txt":"d59f343038ca8078df2839431b7009ea0518e4ed8a1f8edd0914c6a3d3bccf48","/static/media/banner1.5836c8fe484284c4279b.jpg":"457334894948db394b3e44247166a2ddaa4cb7a58b19f56352b5c49e044ded61","/static/media/banner4.9a6835454956b108d7b8.jpg":"cdf9035a3fc251e2d9e17ffe6c34b50c343cff2d0cd37b5cae27dd77be230644","/static/media/logobd.b2f015d3f4cbdaf95524.png":"bcf7bf45ce4f035f87f0e47a9b9ab84c5e965a18da55aa667f4994be33490be0","/static/media/banner2.9c3dcc73fd3d565898db.jpg":"a07ba9168c8b02ac615466fe285789372f1de290216d7b04417c2e77628137fb","/static/media/404-error-page-not-found.44f968b5b37b520269b3.jpg":"3317d90579e22469221f8ed0265a8a732ec41cc4ab4b65375f7b08dd7144c682","/static/media/banner3.7e28b60c1f7eaf7352e6.jpg":"68b19e3c9c8950d973ce97b26a74feb6463c5e5e956eb18eb001ecf1fa81a041","/static/media/eye.2a198efbe6c96cbf1821.png":"bf4b76b0ed08fae67dbc60f0a40df32efed2cf7ae017f45506df5e2e5d7c1846","/static/css/main.221b3391.css":"1c018e8365ce8cb16b83111bba4b66aee0a1fda13deb9dbb00c020db6d1bfcbd","/static/media/banner5.436d288a65229e177019.jpg":"3e7d9a90461be6a01db724cd3a9c5f7be96170556d9b030b8015c1732716b810","/static/media/yousuf_miah.6ea8bfcae6016fdfc34a.jpg":"7fbb3351efe2103fe98611c49a9e104b468c7ad7935b7c1c7b8ad190f60a7bfc","/static/css/main.221b3391.css.map":"6914f6b0819baeaab0151f432ecaddce780eb942a77c08efe9e0e4e8d3ba0042","/static/js/main.bbb02e64.js":"417c5c19b21595136bd57138bcbfa98cc704d261af874030a31c4eb10b34678b","/static/js/main.bbb02e64.js.map":"7d7a7b5ff643f63200ad96b88c0c4534ceb05785add442bb9b6775e17e539a03"}}
[debug] [2022-04-18T16:39:53.148Z] <<< [apiv2][status] POST https://firebasehosting.googleapis.com/v1beta1/projects/850307454501/sites/bd-tour-c7c18/versions/ba97d07254940907:populateFiles 200
[debug] [2022-04-18T16:39:53.149Z] <<< [apiv2][body] POST https://firebasehosting.googleapis.com/v1beta1/projects/850307454501/sites/bd-tour-c7c18/versions/ba97d07254940907:populateFiles {"uploadRequiredHashes":["525794d575dd039d74bd1ba6860ffdbadf443bdba888930f13e330d17dd638bf","a3d7cb7b8e3d8c30d18d890aaa685a4956e8db7e70a21ee94e0d31c6c7be3270","7d7a7b5ff643f63200ad96b88c0c4534ceb05785add442bb9b6775e17e539a03","417c5c19b21595136bd57138bcbfa98cc704d261af874030a31c4eb10b34678b","1c018e8365ce8cb16b83111bba4b66aee0a1fda13deb9dbb00c020db6d1bfcbd","4136907d56f3915f1badcb5d7c42dfa5aa8fbe98edbc4e2f3982b1587fc5719f","6914f6b0819baeaab0151f432ecaddce780eb942a77c08efe9e0e4e8d3ba0042","bf4b76b0ed08fae67dbc60f0a40df32efed2cf7ae017f45506df5e2e5d7c1846"],"uploadUrl":"https://upload-firebasehosting.googleapis.com/upload/sites/bd-tour-c7c18/versions/ba97d07254940907/files"}
[debug] [2022-04-18T16:39:53.158Z] >>> [apiv2][query] POST https://upload-firebasehosting.googleapis.com/upload/sites/bd-tour-c7c18/versions/ba97d07254940907/files/525794d575dd039d74bd1ba6860ffdbadf443bdba888930f13e330d17dd638bf [none]
[debug] [2022-04-18T16:39:53.158Z] >>> [apiv2][body] POST https://upload-firebasehosting.googleapis.com/upload/sites/bd-tour-c7c18/versions/ba97d07254940907/files/525794d575dd039d74bd1ba6860ffdbadf443bdba888930f13e330d17dd638bf [stream]
[debug] [2022-04-18T16:39:53.162Z] >>> [apiv2][query] POST https://upload-firebasehosting.googleapis.com/upload/sites/bd-tour-c7c18/versions/ba97d07254940907/files/a3d7cb7b8e3d8c30d18d890aaa685a4956e8db7e70a21ee94e0d31c6c7be3270 [none]
[debug] [2022-04-18T16:39:53.163Z] >>> [apiv2][body] POST https://upload-firebasehosting.googleapis.com/upload/sites/bd-tour-c7c18/versions/ba97d07254940907/files/a3d7cb7b8e3d8c30d18d890aaa685a4956e8db7e70a21ee94e0d31c6c7be3270 [stream]
[debug] [2022-04-18T16:39:53.165Z] >>> [apiv2][query] POST https://upload-firebasehosting.googleapis.com/upload/sites/bd-tour-c7c18/versions/ba97d07254940907/files/7d7a7b5ff643f63200ad96b88c0c4534ceb05785add442bb9b6775e17e539a03 [none]
[debug] [2022-04-18T16:39:53.166Z] >>> [apiv2][body] POST https://upload-firebasehosting.googleapis.com/upload/sites/bd-tour-c7c18/versions/ba97d07254940907/files/7d7a7b5ff643f63200ad96b88c0c4534ceb05785add442bb9b6775e17e539a03 [stream]
[debug] [2022-04-18T16:39:53.168Z] >>> [apiv2][query] POST https://upload-firebasehosting.googleapis.com/upload/sites/bd-tour-c7c18/versions/ba97d07254940907/files/417c5c19b21595136bd57138bcbfa98cc704d261af874030a31c4eb10b34678b [none]
[debug] [2022-04-18T16:39:53.168Z] >>> [apiv2][body] POST https://upload-firebasehosting.googleapis.com/upload/sites/bd-tour-c7c18/versions/ba97d07254940907/files/417c5c19b21595136bd57138bcbfa98cc704d261af874030a31c4eb10b34678b [stream]
[debug] [2022-04-18T16:39:53.170Z] >>> [apiv2][query] POST https://upload-firebasehosting.googleapis.com/upload/sites/bd-tour-c7c18/versions/ba97d07254940907/files/1c018e8365ce8cb16b83111bba4b66aee0a1fda13deb9dbb00c020db6d1bfcbd [none]
[debug] [2022-04-18T16:39:53.170Z] >>> [apiv2][body] POST https://upload-firebasehosting.googleapis.com/upload/sites/bd-tour-c7c18/versions/ba97d07254940907/files/1c018e8365ce8cb16b83111bba4b66aee0a1fda13deb9dbb00c020db6d1bfcbd [stream]
[debug] [2022-04-18T16:39:53.172Z] >>> [apiv2][query] POST https://upload-firebasehosting.googleapis.com/upload/sites/bd-tour-c7c18/versions/ba97d07254940907/files/4136907d56f3915f1badcb5d7c42dfa5aa8fbe98edbc4e2f3982b1587fc5719f [none]
[debug] [2022-04-18T16:39:53.172Z] >>> [apiv2][body] POST https://upload-firebasehosting.googleapis.com/upload/sites/bd-tour-c7c18/versions/ba97d07254940907/files/4136907d56f3915f1badcb5d7c42dfa5aa8fbe98edbc4e2f3982b1587fc5719f [stream]
[debug] [2022-04-18T16:39:53.173Z] >>> [apiv2][query] POST https://upload-firebasehosting.googleapis.com/upload/sites/bd-tour-c7c18/versions/ba97d07254940907/files/6914f6b0819baeaab0151f432ecaddce780eb942a77c08efe9e0e4e8d3ba0042 [none]
[debug] [2022-04-18T16:39:53.174Z] >>> [apiv2][body] POST https://upload-firebasehosting.googleapis.com/upload/sites/bd-tour-c7c18/versions/ba97d07254940907/files/6914f6b0819baeaab0151f432ecaddce780eb942a77c08efe9e0e4e8d3ba0042 [stream]
[debug] [2022-04-18T16:39:53.176Z] >>> [apiv2][query] POST https://upload-firebasehosting.googleapis.com/upload/sites/bd-tour-c7c18/versions/ba97d07254940907/files/bf4b76b0ed08fae67dbc60f0a40df32efed2cf7ae017f45506df5e2e5d7c1846 [none]
[debug] [2022-04-18T16:39:53.176Z] >>> [apiv2][body] POST https://upload-firebasehosting.googleapis.com/upload/sites/bd-tour-c7c18/versions/ba97d07254940907/files/bf4b76b0ed08fae67dbc60f0a40df32efed2cf7ae017f45506df5e2e5d7c1846 [stream]
[debug] [2022-04-18T16:39:53.178Z] [hosting][populate queue][FINAL] {"max":2088,"min":2088,"avg":2088,"active":0,"complete":1,"success":1,"errored":0,"retried":0,"total":1,"elapsed":2109}
[debug] [2022-04-18T16:39:53.178Z] [hosting] uploads queued: 8
[debug] [2022-04-18T16:39:55.283Z] <<< [apiv2][status] POST https://upload-firebasehosting.googleapis.com/upload/sites/bd-tour-c7c18/versions/ba97d07254940907/files/4136907d56f3915f1badcb5d7c42dfa5aa8fbe98edbc4e2f3982b1587fc5719f 200
[debug] [2022-04-18T16:39:55.283Z] <<< [apiv2][body] POST https://upload-firebasehosting.googleapis.com/upload/sites/bd-tour-c7c18/versions/ba97d07254940907/files/4136907d56f3915f1badcb5d7c42dfa5aa8fbe98edbc4e2f3982b1587fc5719f [stream]
[debug] [2022-04-18T16:39:55.353Z] <<< [apiv2][status] POST https://upload-firebasehosting.googleapis.com/upload/sites/bd-tour-c7c18/versions/ba97d07254940907/files/a3d7cb7b8e3d8c30d18d890aaa685a4956e8db7e70a21ee94e0d31c6c7be3270 200
[debug] [2022-04-18T16:39:55.353Z] <<< [apiv2][body] POST https://upload-firebasehosting.googleapis.com/upload/sites/bd-tour-c7c18/versions/ba97d07254940907/files/a3d7cb7b8e3d8c30d18d890aaa685a4956e8db7e70a21ee94e0d31c6c7be3270 [stream]
[debug] [2022-04-18T16:39:55.457Z] <<< [apiv2][status] POST https://upload-firebasehosting.googleapis.com/upload/sites/bd-tour-c7c18/versions/ba97d07254940907/files/417c5c19b21595136bd57138bcbfa98cc704d261af874030a31c4eb10b34678b 200
[debug] [2022-04-18T16:39:55.457Z] <<< [apiv2][body] POST https://upload-firebasehosting.googleapis.com/upload/sites/bd-tour-c7c18/versions/ba97d07254940907/files/417c5c19b21595136bd57138bcbfa98cc704d261af874030a31c4eb10b34678b [stream]
[debug] [2022-04-18T16:39:55.500Z] <<< [apiv2][status] POST https://upload-firebasehosting.googleapis.com/upload/sites/bd-tour-c7c18/versions/ba97d07254940907/files/1c018e8365ce8cb16b83111bba4b66aee0a1fda13deb9dbb00c020db6d1bfcbd 200
[debug] [2022-04-18T16:39:55.500Z] <<< [apiv2][body] POST https://upload-firebasehosting.googleapis.com/upload/sites/bd-tour-c7c18/versions/ba97d07254940907/files/1c018e8365ce8cb16b83111bba4b66aee0a1fda13deb9dbb00c020db6d1bfcbd [stream]
[debug] [2022-04-18T16:39:55.512Z] <<< [apiv2][status] POST https://upload-firebasehosting.googleapis.com/upload/sites/bd-tour-c7c18/versions/ba97d07254940907/files/7d7a7b5ff643f63200ad96b88c0c4534ceb05785add442bb9b6775e17e539a03 200
[debug] [2022-04-18T16:39:55.513Z] <<< [apiv2][body] POST https://upload-firebasehosting.googleapis.com/upload/sites/bd-tour-c7c18/versions/ba97d07254940907/files/7d7a7b5ff643f63200ad96b88c0c4534ceb05785add442bb9b6775e17e539a03 [stream]
[debug] [2022-04-18T16:39:55.521Z] <<< [apiv2][status] POST https://upload-firebasehosting.googleapis.com/upload/sites/bd-tour-c7c18/versions/ba97d07254940907/files/6914f6b0819baeaab0151f432ecaddce780eb942a77c08efe9e0e4e8d3ba0042 200
[debug] [2022-04-18T16:39:55.521Z] <<< [apiv2][body] POST https://upload-firebasehosting.googleapis.com/upload/sites/bd-tour-c7c18/versions/ba97d07254940907/files/6914f6b0819baeaab0151f432ecaddce780eb942a77c08efe9e0e4e8d3ba0042 [stream]
[debug] [2022-04-18T16:39:55.560Z] <<< [apiv2][status] POST https://upload-firebasehosting.googleapis.com/upload/sites/bd-tour-c7c18/versions/ba97d07254940907/files/525794d575dd039d74bd1ba6860ffdbadf443bdba888930f13e330d17dd638bf 200
[debug] [2022-04-18T16:39:55.561Z] <<< [apiv2][body] POST https://upload-firebasehosting.googleapis.com/upload/sites/bd-tour-c7c18/versions/ba97d07254940907/files/525794d575dd039d74bd1ba6860ffdbadf443bdba888930f13e330d17dd638bf [stream]
[debug] [2022-04-18T16:39:55.617Z] <<< [apiv2][status] POST https://upload-firebasehosting.googleapis.com/upload/sites/bd-tour-c7c18/versions/ba97d07254940907/files/bf4b76b0ed08fae67dbc60f0a40df32efed2cf7ae017f45506df5e2e5d7c1846 200
[debug] [2022-04-18T16:39:55.617Z] <<< [apiv2][body] POST https://upload-firebasehosting.googleapis.com/upload/sites/bd-tour-c7c18/versions/ba97d07254940907/files/bf4b76b0ed08fae67dbc60f0a40df32efed2cf7ae017f45506df5e2e5d7c1846 [stream]
[debug] [2022-04-18T16:39:55.617Z] [hosting][upload queue][FINAL] {"max":2460,"min":2128,"avg":2321.625,"active":0,"complete":8,"success":8,"errored":0,"retried":0,"total":8,"elapsed":2467}
[info] +  hosting[bd-tour-c7c18]: file upload complete 
[debug] [2022-04-18T16:39:55.623Z] [hosting] deploy completed after 5124ms
[debug] [2022-04-18T16:39:55.628Z] [
  {
    "config": {
      "public": "build",
      "ignore": [
        "firebase.json",
        "**/.*",
        "**/node_modules/**"
      ],
      "rewrites": [
        {
          "source": "**",
          "destination": "/index.html"
        }
      ],
      "site": "bd-tour-c7c18"
    },
    "site": "bd-tour-c7c18",
    "version": "projects/850307454501/sites/bd-tour-c7c18/versions/ba97d07254940907"
  }
]
[info] i  hosting[bd-tour-c7c18]: finalizing version... 
[debug] [2022-04-18T16:39:55.636Z] >>> [apiv2][query] PATCH https://firebasehosting.googleapis.com/v1beta1/projects/850307454501/sites/bd-tour-c7c18/versions/ba97d07254940907 updateMask=status
[debug] [2022-04-18T16:39:55.636Z] >>> [apiv2][body] PATCH https://firebasehosting.googleapis.com/v1beta1/projects/850307454501/sites/bd-tour-c7c18/versions/ba97d07254940907 {"status":"FINALIZED"}
[debug] [2022-04-18T16:39:57.586Z] <<< [apiv2][status] PATCH https://firebasehosting.googleapis.com/v1beta1/projects/850307454501/sites/bd-tour-c7c18/versions/ba97d07254940907 200
[debug] [2022-04-18T16:39:57.586Z] <<< [apiv2][body] PATCH https://firebasehosting.googleapis.com/v1beta1/projects/850307454501/sites/bd-tour-c7c18/versions/ba97d07254940907 {"name":"projects/850307454501/sites/bd-tour-c7c18/versions/ba97d07254940907","status":"FINALIZED","config":{"rewrites":[{"glob":"**","path":"/index.html"}]},"labels":{"deployment-tool":"cli-firebase"},"createTime":"2022-04-18T16:39:50.396970Z","createUser":{"email":"yousufweb99@gmail.com"},"finalizeTime":"2022-04-18T16:39:57.763125Z","finalizeUser":{"email":"yousufweb99@gmail.com"}}
[debug] [2022-04-18T16:39:57.586Z] [hosting] finalized version for bd-tour-c7c18:[object Object]
[info] +  hosting[bd-tour-c7c18]: version finalized 
[info] i  hosting[bd-tour-c7c18]: releasing new version... 
[debug] [2022-04-18T16:39:57.595Z] >>> [apiv2][query] POST https://firebasehosting.googleapis.com/v1beta1/projects/850307454501/sites/bd-tour-c7c18/releases versionName=projects%2F850307454501%2Fsites%2Fbd-tour-c7c18%2Fversions%2Fba97d07254940907
[debug] [2022-04-18T16:39:57.596Z] >>> [apiv2][body] POST https://firebasehosting.googleapis.com/v1beta1/projects/850307454501/sites/bd-tour-c7c18/releases {"message":null}
[debug] [2022-04-18T16:39:59.600Z] <<< [apiv2][status] POST https://firebasehosting.googleapis.com/v1beta1/projects/850307454501/sites/bd-tour-c7c18/releases 200
[debug] [2022-04-18T16:39:59.600Z] <<< [apiv2][body] POST https://firebasehosting.googleapis.com/v1beta1/projects/850307454501/sites/bd-tour-c7c18/releases {"name":"projects/850307454501/sites/bd-tour-c7c18/releases/1650299999198834","version":{"name":"projects/850307454501/sites/bd-tour-c7c18/versions/ba97d07254940907","status":"FINALIZED","config":{"rewrites":[{"glob":"**","path":"/index.html"}]},"labels":{"deployment-tool":"cli-firebase"},"createTime":"2022-04-18T16:39:50.396970Z","createUser":{"email":"yousufweb99@gmail.com","imageUrl":"https://lh3.googleusercontent.com/a-/AOh14GiEKysCTJLuivoBgltZEduuA-cQPowt-aKU10xQmA"},"finalizeTime":"2022-04-18T16:39:57.763125Z","finalizeUser":{"email":"yousufweb99@gmail.com","imageUrl":"https://lh3.googleusercontent.com/a-/AOh14GiEKysCTJLuivoBgltZEduuA-cQPowt-aKU10xQmA"}},"type":"DEPLOY","releaseTime":"2022-04-18T16:39:59.198834274Z","releaseUser":{"email":"yousufweb99@gmail.com","imageUrl":"https://lh3.googleusercontent.com/a-/AOh14GiEKysCTJLuivoBgltZEduuA-cQPowt-aKU10xQmA"}}
[debug] [2022-04-18T16:39:59.601Z] [hosting] release: {"name":"projects/850307454501/sites/bd-tour-c7c18/releases/1650299999198834","version":{"name":"projects/850307454501/sites/bd-tour-c7c18/versions/ba97d07254940907","status":"FINALIZED","config":{"rewrites":[{"glob":"**","path":"/index.html"}]},"labels":{"deployment-tool":"cli-firebase"},"createTime":"2022-04-18T16:39:50.396970Z","createUser":{"email":"yousufweb99@gmail.com","imageUrl":"https://lh3.googleusercontent.com/a-/AOh14GiEKysCTJLuivoBgltZEduuA-cQPowt-aKU10xQmA"},"finalizeTime":"2022-04-18T16:39:57.763125Z","finalizeUser":{"email":"yousufweb99@gmail.com","imageUrl":"https://lh3.googleusercontent.com/a-/AOh14GiEKysCTJLuivoBgltZEduuA-cQPowt-aKU10xQmA"}},"type":"DEPLOY","releaseTime":"2022-04-18T16:39:59.198834274Z","releaseUser":{"email":"yousufweb99@gmail.com","imageUrl":"https://lh3.googleusercontent.com/a-/AOh14GiEKysCTJLuivoBgltZEduuA-cQPowt-aKU10xQmA"}}
[info] +  hosting[bd-tour-c7c18]: release complete 
